Using pre-set license
Built from '2022.3/staging' branch; Version is '2022.3.55f1 (9f374180d209) revision 10434369'; Using compiler version '192829333'; Build Type 'Release'
OS: 'Windows 10  (10.0.19045) 64bit Professional' Language: 'ru' Physical Memory: 16236 MB
BatchMode: 1, IsHumanControllingUs: 0, StartBugReporterOnCrash: 0, Is64bit: 1, IsPro: 1

COMMAND LINE ARGUMENTS:
C:\Program Files\Unity\Hub\Editor\2022.3.55f1\Editor\Unity.exe
-adb2
-batchMode
-noUpm
-name
AssetImportWorker11
-projectPath
F:/GitHub/slasherB4211/SlasherB4211
-logFile
Logs/AssetImportWorker11.log
-srvPort
63836
Successfully changed project path to: F:/GitHub/slasherB4211/SlasherB4211
F:/GitHub/slasherB4211/SlasherB4211
[UnityMemory] Configuration Parameters - Can be set up in boot.config
    "memorysetup-bucket-allocator-granularity=16"
    "memorysetup-bucket-allocator-bucket-count=8"
    "memorysetup-bucket-allocator-block-size=33554432"
    "memorysetup-bucket-allocator-block-count=8"
    "memorysetup-main-allocator-block-size=16777216"
    "memorysetup-thread-allocator-block-size=16777216"
    "memorysetup-gfx-main-allocator-block-size=16777216"
    "memorysetup-gfx-thread-allocator-block-size=16777216"
    "memorysetup-cache-allocator-block-size=4194304"
    "memorysetup-typetree-allocator-block-size=2097152"
    "memorysetup-profiler-bucket-allocator-granularity=16"
    "memorysetup-profiler-bucket-allocator-bucket-count=8"
    "memorysetup-profiler-bucket-allocator-block-size=33554432"
    "memorysetup-profiler-bucket-allocator-block-count=8"
    "memorysetup-profiler-allocator-block-size=16777216"
    "memorysetup-profiler-editor-allocator-block-size=1048576"
    "memorysetup-temp-allocator-size-main=16777216"
    "memorysetup-job-temp-allocator-block-size=2097152"
    "memorysetup-job-temp-allocator-block-size-background=1048576"
    "memorysetup-job-temp-allocator-reduction-small-platforms=262144"
    "memorysetup-allocator-temp-initial-block-size-main=262144"
    "memorysetup-allocator-temp-initial-block-size-worker=262144"
    "memorysetup-temp-allocator-size-background-worker=32768"
    "memorysetup-temp-allocator-size-job-worker=262144"
    "memorysetup-temp-allocator-size-preload-manager=33554432"
    "memorysetup-temp-allocator-size-nav-mesh-worker=65536"
    "memorysetup-temp-allocator-size-audio-worker=65536"
    "memorysetup-temp-allocator-size-cloud-worker=32768"
    "memorysetup-temp-allocator-size-gi-baking-worker=262144"
    "memorysetup-temp-allocator-size-gfx=262144"
Player connection [37524]  Target information:

Player connection [37524]  * "[IP] 192.168.1.6 [Port] 0 [Flags] 2 [Guid] 2891238156 [EditorId] 2891238156 [Version] 1048832 [Id] WindowsEditor(7,DESKTOP-OI8D4GV) [Debug] 1 [PackageName] WindowsEditor [ProjectName] Editor" 

Player connection [37524]  * "[IP] 192.168.56.1 [Port] 0 [Flags] 2 [Guid] 2891238156 [EditorId] 2891238156 [Version] 1048832 [Id] WindowsEditor(7,DESKTOP-OI8D4GV) [Debug] 1 [PackageName] WindowsEditor [ProjectName] Editor" 

Player connection [37524] Host joined multi-casting on [225.0.0.222:54997]...
Player connection [37524] Host joined alternative multi-casting on [225.0.0.222:34997]...
[PhysX] Initialized MultithreadedTaskDispatcher with 24 workers.
Refreshing native plugins compatible for Editor in 26.01 ms, found 4 plugins.
Preloading 0 native plugins for Editor in 0.00 ms.
Initialize engine version: 2022.3.55f1 (9f374180d209)
[Subsystems] Discovering subsystems at path C:/Program Files/Unity/Hub/Editor/2022.3.55f1/Editor/Data/Resources/UnitySubsystems
[Subsystems] Discovering subsystems at path F:/GitHub/slasherB4211/SlasherB4211/Assets
GfxDevice: creating device client; threaded=0; jobified=0
Direct3D:
    Version:  Direct3D 11.0 [level 11.1]
    Renderer: AMD Radeon RX 580 2048SP (ID=0x6fdf)
    Vendor:   ATI
    VRAM:     8135 MB
    Driver:   31.0.21921.1000
Initialize mono
Mono path[0] = 'C:/Program Files/Unity/Hub/Editor/2022.3.55f1/Editor/Data/Managed'
Mono path[1] = 'C:/Program Files/Unity/Hub/Editor/2022.3.55f1/Editor/Data/MonoBleedingEdge/lib/mono/unityjit-win32'
Mono config path = 'C:/Program Files/Unity/Hub/Editor/2022.3.55f1/Editor/Data/MonoBleedingEdge/etc'
Using monoOptions --debugger-agent=transport=dt_socket,embedding=1,server=y,suspend=n,address=127.0.0.1:56868
Begin MonoManager ReloadAssembly
Registering precompiled unity dll's ...
Register platform support module: C:/Program Files/Unity/Hub/Editor/2022.3.55f1/Editor/Data/PlaybackEngines/WindowsStandaloneSupport/UnityEditor.WindowsStandalone.Extensions.dll
Registered in 0.044258 seconds.
- Loaded All Assemblies, in  0.922 seconds
Native extension for WindowsStandalone target not found
Mono: successfully reloaded assembly
- Finished resetting the current domain, in  0.552 seconds
Domain Reload Profiling: 1464ms
	BeginReloadAssembly (293ms)
		ExecutionOrderSort (0ms)
		DisableScriptedObjects (0ms)
		BackupInstance (0ms)
		ReleaseScriptingObjects (0ms)
		CreateAndSetChildDomain (1ms)
	RebuildCommonClasses (79ms)
	RebuildNativeTypeToScriptingClass (24ms)
	initialDomainReloadingComplete (191ms)
	LoadAllAssembliesAndSetupDomain (323ms)
		LoadAssemblies (285ms)
		RebuildTransferFunctionScriptingTraits (0ms)
		AnalyzeDomain (318ms)
			TypeCache.Refresh (315ms)
				TypeCache.ScanAssembly (282ms)
			ScanForSourceGeneratedMonoScriptInfo (1ms)
			ResolveRequiredComponents (1ms)
	FinalizeReload (552ms)
		ReleaseScriptCaches (0ms)
		RebuildScriptCaches (0ms)
		SetupLoadedEditorAssemblies (461ms)
			LogAssemblyErrors (0ms)
			InitializePlatformSupportModulesInManaged (27ms)
			SetLoadedEditorAssemblies (16ms)
			RefreshPlugins (0ms)
			BeforeProcessingInitializeOnLoad (4ms)
			ProcessInitializeOnLoadAttributes (305ms)
			ProcessInitializeOnLoadMethodAttributes (108ms)
			AfterProcessingInitializeOnLoad (0ms)
			EditorAssembliesLoaded (0ms)
		ExecutionOrderSort2 (0ms)
		AwakeInstancesAfterBackupRestoration (0ms)
========================================================================
Worker process is ready to serve import requests
Caller must complete domain reload
Begin MonoManager ReloadAssembly
- Loaded All Assemblies, in  1.481 seconds
Native extension for WindowsStandalone target not found
Mono: successfully reloaded assembly
- Finished resetting the current domain, in  1.235 seconds
Domain Reload Profiling: 2707ms
	BeginReloadAssembly (342ms)
		ExecutionOrderSort (0ms)
		DisableScriptedObjects (10ms)
		BackupInstance (0ms)
		ReleaseScriptingObjects (0ms)
		CreateAndSetChildDomain (43ms)
	RebuildCommonClasses (70ms)
	RebuildNativeTypeToScriptingClass (24ms)
	initialDomainReloadingComplete (106ms)
	LoadAllAssembliesAndSetupDomain (929ms)
		LoadAssemblies (726ms)
		RebuildTransferFunctionScriptingTraits (0ms)
		AnalyzeDomain (406ms)
			TypeCache.Refresh (338ms)
				TypeCache.ScanAssembly (301ms)
			ScanForSourceGeneratedMonoScriptInfo (52ms)
			ResolveRequiredComponents (13ms)
	FinalizeReload (1236ms)
		ReleaseScriptCaches (0ms)
		RebuildScriptCaches (0ms)
		SetupLoadedEditorAssemblies (938ms)
			LogAssemblyErrors (0ms)
			InitializePlatformSupportModulesInManaged (19ms)
			SetLoadedEditorAssemblies (7ms)
			RefreshPlugins (0ms)
			BeforeProcessingInitializeOnLoad (154ms)
			ProcessInitializeOnLoadAttributes (652ms)
			ProcessInitializeOnLoadMethodAttributes (71ms)
			AfterProcessingInitializeOnLoad (35ms)
			EditorAssembliesLoaded (0ms)
		ExecutionOrderSort2 (0ms)
		AwakeInstancesAfterBackupRestoration (12ms)
Launched and connected shader compiler UnityShaderCompiler.exe after 0.10 seconds
Refreshing native plugins compatible for Editor in 10.51 ms, found 4 plugins.
Preloading 0 native plugins for Editor in 0.00 ms.
Unloading 4035 Unused Serialized files (Serialized files now loaded: 0)
Unloading 38 unused Assets / (241.5 KB). Loaded Objects now: 4500.
Memory consumption went from 144.6 MB to 144.4 MB.
Total: 5.891600 ms (FindLiveObjects: 0.464800 ms CreateObjectMapping: 0.253900 ms MarkObjects: 4.839300 ms  DeleteObjects: 0.332100 ms)

AssetImportParameters requested are different than current active one (requested -> active):
  custom:container-demuxer-ogg: 62fdf1f143b41e24485cea50d1cbac27 -> 
  custom:video-decoder-ogg-theora: a1e56fd34408186e4bbccfd4996cb3dc -> 
  custom:framework-win-MediaFoundation: 216162199b28c13a410421893ffa2e32 -> 
  custom:CustomObjectIndexerAttribute: 9a22284fe3817be447336de3de66b15e -> 
  custom:container-demuxer-webm: 4f35f7cbe854078d1ac9338744f61a02 -> 
  custom:container-muxer-webm: aa71ff27fc2769a1b78a27578f13a17b -> 
  custom:video-decoder-webm-vp8: 9c59270c3fd7afecdb556c50c9e8de78 -> 
  custom:SearchIndexIgnoredProperties: e643bd26f0fe6173181afceb89e7c659 -> 
  custom:AudioImporter_EditorPlatform: d09bf68614088b80899f8185d706f6e7 -> 
  custom:video-encoder-webm-vp8: eb34c28f22e8b96e1ab97ce403110664 -> 
  custom:audio-decoder-ogg-vorbis: bf7c407c2cedff20999df2af8eb42d56 -> 
  custom:audio-encoder-webm-vorbis: bf7c407c2cedff20999df2af8eb42d56 -> 
========================================================================
Received Import Request.
  Time since last request: 1027693.203150 seconds.
  path: Assets/TextMesh Pro/Examples & Extras/Scripts/VertexJitter.cs
  artifactKey: Guid(2ed57967c52645d390a89dcf8f61ba73) Importer(2089858483,0ecaa5967403d082aa24f35e1b516d23)
Start importing Assets/TextMesh Pro/Examples & Extras/Scripts/VertexJitter.cs using Guid(2ed57967c52645d390a89dcf8f61ba73) Importer(2089858483,0ecaa5967403d082aa24f35e1b516d23) [PhysX] Initialized MultithreadedTaskDispatcher with 24 workers.
 -> (artifact id: '766e0a0b0c2a0fc5c8963382cb8a340c') in 0.175585 seconds
Number of updated asset objects reloaded before import = 0
Number of asset objects unloaded after import = 1
========================================================================
Received Import Request.
  Time since last request: 0.000037 seconds.
  path: Assets/SimplePixelUI/artwork/colorCustomizible/square/Buttons/button_small_1.png
  artifactKey: Guid(214e42740cbf6c1448b1f08fb3e30a55) Importer(2089858483,0ecaa5967403d082aa24f35e1b516d23)
Start importing Assets/SimplePixelUI/artwork/colorCustomizible/square/Buttons/button_small_1.png using Guid(214e42740cbf6c1448b1f08fb3e30a55) Importer(2089858483,0ecaa5967403d082aa24f35e1b516d23) [PhysX] Initialized MultithreadedTaskDispatcher with 24 workers.
 -> (artifact id: 'be2bbdfd18dea8fb3c48fd83ca61ef9e') in 0.153895 seconds
Number of updated asset objects reloaded before import = 0
Number of asset objects unloaded after import = 3
========================================================================
Received Import Request.
  Time since last request: 0.000029 seconds.
  path: Assets/SimplePixelUI/prefabs/color_customizible/rounded/backgroundCustom.prefab
  artifactKey: Guid(ef109908df19c184caf39a26b22e4d57) Importer(2089858483,0ecaa5967403d082aa24f35e1b516d23)
Start importing Assets/SimplePixelUI/prefabs/color_customizible/rounded/backgroundCustom.prefab using Guid(ef109908df19c184caf39a26b22e4d57) Importer(2089858483,0ecaa5967403d082aa24f35e1b516d23) [PhysX] Initialized MultithreadedTaskDispatcher with 24 workers.
 -> (artifact id: 'c141c6478c2a7bae243e887a31a7a5f8') in 0.099395 seconds
Number of updated asset objects reloaded before import = 0
Number of asset objects unloaded after import = 7
========================================================================
Received Import Request.
  Time since last request: 0.000030 seconds.
  path: Assets/SimplePixelUI/artwork/colorCustomizible/square/slot.png
  artifactKey: Guid(4a7e5d2419d92754da4c0f6996f2e419) Importer(2089858483,0ecaa5967403d082aa24f35e1b516d23)
Start importing Assets/SimplePixelUI/artwork/colorCustomizible/square/slot.png using Guid(4a7e5d2419d92754da4c0f6996f2e419) Importer(2089858483,0ecaa5967403d082aa24f35e1b516d23) [PhysX] Initialized MultithreadedTaskDispatcher with 24 workers.
 -> (artifact id: 'a93e1f0dcb043e0f8d820551f4907439') in 0.049358 seconds
Number of updated asset objects reloaded before import = 0
Number of asset objects unloaded after import = 3
========================================================================
Received Import Request.
  Time since last request: 0.000059 seconds.
  path: Assets/SimplePixelUI/prefabs/color_customizible/square/Inventory.prefab
  artifactKey: Guid(26a96e4af2e8ff64e88f7fcaca984c12) Importer(2089858483,0ecaa5967403d082aa24f35e1b516d23)
Start importing Assets/SimplePixelUI/prefabs/color_customizible/square/Inventory.prefab using Guid(26a96e4af2e8ff64e88f7fcaca984c12) Importer(2089858483,0ecaa5967403d082aa24f35e1b516d23) [PhysX] Initialized MultithreadedTaskDispatcher with 24 workers.
 -> (artifact id: '5ec25ee04848d1869eed2aa815b0992c') in 0.036120 seconds
Number of updated asset objects reloaded before import = 0
Number of asset objects unloaded after import = 54
========================================================================
Received Import Request.
  Time since last request: 0.000027 seconds.
  path: Assets/SimplePixelUI/artwork/halfcustomizible/square/Buttons/button_small_1.png
  artifactKey: Guid(3ec822cb93351794ea0f21230f0d5d03) Importer(2089858483,0ecaa5967403d082aa24f35e1b516d23)
Start importing Assets/SimplePixelUI/artwork/halfcustomizible/square/Buttons/button_small_1.png using Guid(3ec822cb93351794ea0f21230f0d5d03) Importer(2089858483,0ecaa5967403d082aa24f35e1b516d23) [PhysX] Initialized MultithreadedTaskDispatcher with 24 workers.
 -> (artifact id: '6687147887b3187a47174cec9682cb60') in 0.043911 seconds
Number of updated asset objects reloaded before import = 0
Number of asset objects unloaded after import = 3
========================================================================
Received Import Request.
  Time since last request: 0.000025 seconds.
  path: Assets/SimplePixelUI/artwork/halfcustomizible/square/Buttons/button_1.png
  artifactKey: Guid(fa851e716c72bec419b716612454ae3d) Importer(2089858483,0ecaa5967403d082aa24f35e1b516d23)
Start importing Assets/SimplePixelUI/artwork/halfcustomizible/square/Buttons/button_1.png using Guid(fa851e716c72bec419b716612454ae3d) Importer(2089858483,0ecaa5967403d082aa24f35e1b516d23) [PhysX] Initialized MultithreadedTaskDispatcher with 24 workers.
 -> (artifact id: '13f6ab3a229bf2b3bc7079e97eb69d61') in 0.042580 seconds
Number of updated asset objects reloaded before import = 0
Number of asset objects unloaded after import = 3
========================================================================
Received Import Request.
  Time since last request: 0.000023 seconds.
  path: Assets/SimplePixelUI/artwork/halfcustomizible/square/toogle/on 1.png
  artifactKey: Guid(84c7515b38823fe45883fb4257d278ae) Importer(2089858483,0ecaa5967403d082aa24f35e1b516d23)
Start importing Assets/SimplePixelUI/artwork/halfcustomizible/square/toogle/on 1.png using Guid(84c7515b38823fe45883fb4257d278ae) Importer(2089858483,0ecaa5967403d082aa24f35e1b516d23) [PhysX] Initialized MultithreadedTaskDispatcher with 24 workers.
 -> (artifact id: '05a1153a604e08ddf2bdefc101cd0ffe') in 0.046029 seconds
Number of updated asset objects reloaded before import = 0
Number of asset objects unloaded after import = 3
========================================================================
Received Import Request.
  Time since last request: 0.000030 seconds.
  path: Assets/SimplePixelUI/artwork/halfcustomizible/square/toogle/on2.png
  artifactKey: Guid(0ddd7add4d7a82545b7a9d8e26102d78) Importer(2089858483,0ecaa5967403d082aa24f35e1b516d23)
Start importing Assets/SimplePixelUI/artwork/halfcustomizible/square/toogle/on2.png using Guid(0ddd7add4d7a82545b7a9d8e26102d78) Importer(2089858483,0ecaa5967403d082aa24f35e1b516d23) [PhysX] Initialized MultithreadedTaskDispatcher with 24 workers.
 -> (artifact id: 'c02b85eb0d22aed857ac62434365e322') in 0.037900 seconds
Number of updated asset objects reloaded before import = 0
Number of asset objects unloaded after import = 3
========================================================================
Received Import Request.
  Time since last request: 0.000028 seconds.
  path: Assets/SimplePixelUI/artwork/halfcustomizible/square/Buttons/button_2.png
  artifactKey: Guid(3eb9334422defff42b79c46e59b2f7d6) Importer(2089858483,0ecaa5967403d082aa24f35e1b516d23)
Start importing Assets/SimplePixelUI/artwork/halfcustomizible/square/Buttons/button_2.png using Guid(3eb9334422defff42b79c46e59b2f7d6) Importer(2089858483,0ecaa5967403d082aa24f35e1b516d23) [PhysX] Initialized MultithreadedTaskDispatcher with 24 workers.
 -> (artifact id: '0d269f1cacb6d2e9dced44af4e0326da') in 0.044854 seconds
Number of updated asset objects reloaded before import = 0
Number of asset objects unloaded after import = 3
========================================================================
Received Import Request.
  Time since last request: 0.000060 seconds.
  path: Assets/SimplePixelUI/artwork/halfcustomizible/square/toogle/on3.png
  artifactKey: Guid(f21f23419a77a524794ab294dffc013b) Importer(2089858483,0ecaa5967403d082aa24f35e1b516d23)
Start importing Assets/SimplePixelUI/artwork/halfcustomizible/square/toogle/on3.png using Guid(f21f23419a77a524794ab294dffc013b) Importer(2089858483,0ecaa5967403d082aa24f35e1b516d23) [PhysX] Initialized MultithreadedTaskDispatcher with 24 workers.
 -> (artifact id: 'e546b0c94e1fe6e74ba35f475acd5d5b') in 0.034624 seconds
Number of updated asset objects reloaded before import = 0
Number of asset objects unloaded after import = 3
========================================================================
Received Import Request.
  Time since last request: 0.000030 seconds.
  path: Assets/Sunny Land Forest Assets/Artwork/Environment/props/forest.prefab
  artifactKey: Guid(5d6bf985a4a29054c8dee9e94214b735) Importer(2089858483,0ecaa5967403d082aa24f35e1b516d23)
Start importing Assets/Sunny Land Forest Assets/Artwork/Environment/props/forest.prefab using Guid(5d6bf985a4a29054c8dee9e94214b735) Importer(2089858483,0ecaa5967403d082aa24f35e1b516d23) [PhysX] Initialized MultithreadedTaskDispatcher with 24 workers.
 -> (artifact id: 'ea4ff8660dec7d68b6de7441412bdc7c') in 0.023825 seconds
Number of updated asset objects reloaded before import = 0
Number of asset objects unloaded after import = 10
========================================================================
Received Import Request.
  Time since last request: 0.000024 seconds.
  path: Assets/TextMesh Pro/Resources/Fonts & Materials/LiberationSans SDF - Fallback.asset
  artifactKey: Guid(2e498d1c8094910479dc3e1b768306a4) Importer(2089858483,0ecaa5967403d082aa24f35e1b516d23)
Start importing Assets/TextMesh Pro/Resources/Fonts & Materials/LiberationSans SDF - Fallback.asset using Guid(2e498d1c8094910479dc3e1b768306a4) Importer(2089858483,0ecaa5967403d082aa24f35e1b516d23) [PhysX] Initialized MultithreadedTaskDispatcher with 24 workers.
 -> (artifact id: '4aa87e3ddfaed45d745e680a653d13e4') in 0.091588 seconds
Number of updated asset objects reloaded before import = 0
Number of asset objects unloaded after import = 5
========================================================================
Received Import Request.
  Time since last request: 0.000024 seconds.
  path: Assets/SimplePixelUI/prefabs/color_customizible/rounded/health_bar_rounded 1/HealthBar_TB.prefab
  artifactKey: Guid(c2bba1f796e6e1349a226f6dc300459b) Importer(2089858483,0ecaa5967403d082aa24f35e1b516d23)
Start importing Assets/SimplePixelUI/prefabs/color_customizible/rounded/health_bar_rounded 1/HealthBar_TB.prefab using Guid(c2bba1f796e6e1349a226f6dc300459b) Importer(2089858483,0ecaa5967403d082aa24f35e1b516d23) [PhysX] Initialized MultithreadedTaskDispatcher with 24 workers.
 -> (artifact id: 'adb2fa343130a05834a3b8fe325ee9f1') in 0.085844 seconds
Number of updated asset objects reloaded before import = 0
Number of asset objects unloaded after import = 16
========================================================================
Received Import Request.
  Time since last request: 0.000029 seconds.
  path: Assets/Sunny Land Forest Assets/Artwork/Environment/tileset_89.asset
  artifactKey: Guid(9151f14ed25cc2d4ea826370c18d6221) Importer(2089858483,0ecaa5967403d082aa24f35e1b516d23)
Start importing Assets/Sunny Land Forest Assets/Artwork/Environment/tileset_89.asset using Guid(9151f14ed25cc2d4ea826370c18d6221) Importer(2089858483,0ecaa5967403d082aa24f35e1b516d23) [PhysX] Initialized MultithreadedTaskDispatcher with 24 workers.
 -> (artifact id: '4803dcb5697f99456cd3797bc81f3e87') in 0.035933 seconds
Number of updated asset objects reloaded before import = 0
Number of asset objects unloaded after import = 3
========================================================================
Received Import Request.
  Time since last request: 0.000040 seconds.
  path: Assets/SimplePixelUI/prefabs/Gray_black/square/buttons/button_1.prefab
  artifactKey: Guid(898380e1ddcafc24d8b877b904e71c36) Importer(2089858483,0ecaa5967403d082aa24f35e1b516d23)
Start importing Assets/SimplePixelUI/prefabs/Gray_black/square/buttons/button_1.prefab using Guid(898380e1ddcafc24d8b877b904e71c36) Importer(2089858483,0ecaa5967403d082aa24f35e1b516d23) [PhysX] Initialized MultithreadedTaskDispatcher with 24 workers.
 -> (artifact id: '223158c8f1faeea56a8693fc0be18157') in 0.065920 seconds
Number of updated asset objects reloaded before import = 0
Number of asset objects unloaded after import = 9
========================================================================
Received Import Request.
  Time since last request: 0.000031 seconds.
  path: Assets/SimplePixelUI/prefabs/Gray_black/rounded/buttons/button_1.prefab
  artifactKey: Guid(1b933ae2119feca4d806422d25371ffe) Importer(2089858483,0ecaa5967403d082aa24f35e1b516d23)
Start importing Assets/SimplePixelUI/prefabs/Gray_black/rounded/buttons/button_1.prefab using Guid(1b933ae2119feca4d806422d25371ffe) Importer(2089858483,0ecaa5967403d082aa24f35e1b516d23) [PhysX] Initialized MultithreadedTaskDispatcher with 24 workers.
 -> (artifact id: '7930a8be3f3a2d659f12bfad9b62ce10') in 0.050943 seconds
Number of updated asset objects reloaded before import = 0
Number of asset objects unloaded after import = 9
========================================================================
Received Import Request.
  Time since last request: 0.000026 seconds.
  path: Assets/SimplePixelUI/prefabs/Half_color_customizible/square/ScrollBar/ScrollbarBT.prefab
  artifactKey: Guid(70c5c1a5a2c8d0a428f9845264afa5a0) Importer(2089858483,0ecaa5967403d082aa24f35e1b516d23)
Start importing Assets/SimplePixelUI/prefabs/Half_color_customizible/square/ScrollBar/ScrollbarBT.prefab using Guid(70c5c1a5a2c8d0a428f9845264afa5a0) Importer(2089858483,0ecaa5967403d082aa24f35e1b516d23) [PhysX] Initialized MultithreadedTaskDispatcher with 24 workers.
 -> (artifact id: '76d8f1fcc99efdcfcea523a78ed1cd8c') in 0.063587 seconds
Number of updated asset objects reloaded before import = 0
Number of asset objects unloaded after import = 16
========================================================================
Received Import Request.
  Time since last request: 0.000025 seconds.
  path: Assets/SimplePixelUI/prefabs/Half_color_customizible/square/Slider 2/Slider 2 RL.prefab
  artifactKey: Guid(879752424b6383642a28d43d1b27cea5) Importer(2089858483,0ecaa5967403d082aa24f35e1b516d23)
Start importing Assets/SimplePixelUI/prefabs/Half_color_customizible/square/Slider 2/Slider 2 RL.prefab using Guid(879752424b6383642a28d43d1b27cea5) Importer(2089858483,0ecaa5967403d082aa24f35e1b516d23) [PhysX] Initialized MultithreadedTaskDispatcher with 24 workers.
 -> (artifact id: '7ff7cbc1c891858e6911cf965f79e703') in 0.044444 seconds
Number of updated asset objects reloaded before import = 0
Number of asset objects unloaded after import = 24
========================================================================
Received Import Request.
  Time since last request: 0.000042 seconds.
  path: Assets/SimplePixelUI/prefabs/Half_color_customizible/square/Health_bar/HealthBar_BT.prefab
  artifactKey: Guid(7518c6a30d01d744286a8b63ef9ee15d) Importer(2089858483,0ecaa5967403d082aa24f35e1b516d23)
Start importing Assets/SimplePixelUI/prefabs/Half_color_customizible/square/Health_bar/HealthBar_BT.prefab using Guid(7518c6a30d01d744286a8b63ef9ee15d) Importer(2089858483,0ecaa5967403d082aa24f35e1b516d23) [PhysX] Initialized MultithreadedTaskDispatcher with 24 workers.
 -> (artifact id: '2c0cee7d4af35824bea3700fe964e3b1') in 0.045147 seconds
Number of updated asset objects reloaded before import = 0
Number of asset objects unloaded after import = 16
========================================================================
Received Import Request.
  Time since last request: 0.000038 seconds.
  path: Assets/SimplePixelUI/prefabs/Gray_black/square/buttons/button_small_1.prefab
  artifactKey: Guid(d1a4da542bab07340a1b73b2520fbbe6) Importer(2089858483,0ecaa5967403d082aa24f35e1b516d23)
Start importing Assets/SimplePixelUI/prefabs/Gray_black/square/buttons/button_small_1.prefab using Guid(d1a4da542bab07340a1b73b2520fbbe6) Importer(2089858483,0ecaa5967403d082aa24f35e1b516d23) [PhysX] Initialized MultithreadedTaskDispatcher with 24 workers.
 -> (artifact id: '949cf2c9c3905532cd746c0213543a93') in 0.046899 seconds
Number of updated asset objects reloaded before import = 0
Number of asset objects unloaded after import = 11
========================================================================
Received Import Request.
  Time since last request: 0.000023 seconds.
  path: Assets/Sunny Land Forest Assets/Artwork/Sprites/enemies/piranha-plant-attack/piranha-plant-attack-2.png
  artifactKey: Guid(5d0f04e48931b4d1b8eedfbb4f2fc583) Importer(2089858483,0ecaa5967403d082aa24f35e1b516d23)
Start importing Assets/Sunny Land Forest Assets/Artwork/Sprites/enemies/piranha-plant-attack/piranha-plant-attack-2.png using Guid(5d0f04e48931b4d1b8eedfbb4f2fc583) Importer(2089858483,0ecaa5967403d082aa24f35e1b516d23) [PhysX] Initialized MultithreadedTaskDispatcher with 24 workers.
 -> (artifact id: 'b9b4bb3871cf00f847b959f25c3ab94a') in 0.048432 seconds
Number of updated asset objects reloaded before import = 0
Number of asset objects unloaded after import = 3
========================================================================
Received Import Request.
  Time since last request: 0.000037 seconds.
  path: Assets/SimplePixelUI/prefabs/color_customizible/square/buttons/button_1.prefab
  artifactKey: Guid(db8519fc5261b894484aa1a8d6488f4c) Importer(2089858483,0ecaa5967403d082aa24f35e1b516d23)
Start importing Assets/SimplePixelUI/prefabs/color_customizible/square/buttons/button_1.prefab using Guid(db8519fc5261b894484aa1a8d6488f4c) Importer(2089858483,0ecaa5967403d082aa24f35e1b516d23) [PhysX] Initialized MultithreadedTaskDispatcher with 24 workers.
 -> (artifact id: 'b3e3564206ee99c407606d14ae6ab2d7') in 0.049713 seconds
Number of updated asset objects reloaded before import = 0
Number of asset objects unloaded after import = 9
========================================================================
Received Import Request.
  Time since last request: 0.000029 seconds.
  path: Assets/SimplePixelUI/prefabs/Half_color_customizible/square/ScrollBar/ScrollbarTB.prefab
  artifactKey: Guid(802eed18211d2bf40a1e94920c903de1) Importer(2089858483,0ecaa5967403d082aa24f35e1b516d23)
Start importing Assets/SimplePixelUI/prefabs/Half_color_customizible/square/ScrollBar/ScrollbarTB.prefab using Guid(802eed18211d2bf40a1e94920c903de1) Importer(2089858483,0ecaa5967403d082aa24f35e1b516d23) [PhysX] Initialized MultithreadedTaskDispatcher with 24 workers.
 -> (artifact id: '4fad3b8548b5853ba7631b38742121fc') in 0.059042 seconds
Number of updated asset objects reloaded before import = 0
Number of asset objects unloaded after import = 16
========================================================================
Received Import Request.
  Time since last request: 0.000045 seconds.
  path: Assets/TextMesh Pro/Examples & Extras/Textures/Text Overflow - Linked Text UI Screenshot.png
  artifactKey: Guid(c76d18757a194d618355f05f815cb0a1) Importer(2089858483,0ecaa5967403d082aa24f35e1b516d23)
Start importing Assets/TextMesh Pro/Examples & Extras/Textures/Text Overflow - Linked Text UI Screenshot.png using Guid(c76d18757a194d618355f05f815cb0a1) Importer(2089858483,0ecaa5967403d082aa24f35e1b516d23) [PhysX] Initialized MultithreadedTaskDispatcher with 24 workers.
 -> (artifact id: '91164dbbedaec71d735dc4f021c887b6') in 0.055991 seconds
Number of updated asset objects reloaded before import = 0
Number of asset objects unloaded after import = 1
========================================================================
Received Import Request.
  Time since last request: 0.000036 seconds.
  path: Assets/Sunny Land Forest Assets/Artwork/Sprites/player/player-skip/player-skip-3.png
  artifactKey: Guid(7a2c27c83cf9b43ed90089568bcc873c) Importer(2089858483,0ecaa5967403d082aa24f35e1b516d23)
Start importing Assets/Sunny Land Forest Assets/Artwork/Sprites/player/player-skip/player-skip-3.png using Guid(7a2c27c83cf9b43ed90089568bcc873c) Importer(2089858483,0ecaa5967403d082aa24f35e1b516d23) [PhysX] Initialized MultithreadedTaskDispatcher with 24 workers.
 -> (artifact id: 'bfa3d9e5a90d78f4cdb2e81ec683d7f3') in 0.050110 seconds
Number of updated asset objects reloaded before import = 0
Number of asset objects unloaded after import = 3
========================================================================
Received Import Request.
  Time since last request: 0.000036 seconds.
  path: Assets/Sunny Land Forest Assets/Artwork/Sprites/player/player-climb/player-climb-2.png
  artifactKey: Guid(d4ce6b0f74e064222bf69c44d9ad8c37) Importer(2089858483,0ecaa5967403d082aa24f35e1b516d23)
Start importing Assets/Sunny Land Forest Assets/Artwork/Sprites/player/player-climb/player-climb-2.png using Guid(d4ce6b0f74e064222bf69c44d9ad8c37) Importer(2089858483,0ecaa5967403d082aa24f35e1b516d23) [PhysX] Initialized MultithreadedTaskDispatcher with 24 workers.
 -> (artifact id: '2f5248346063199cd6df13eadb7cb1e7') in 0.047738 seconds
Number of updated asset objects reloaded before import = 0
Number of asset objects unloaded after import = 3
========================================================================
Received Import Request.
  Time since last request: 0.000028 seconds.
  path: Assets/Sunny Land Forest Assets/Artwork/Sprites/player/player-idle/player-idle-3.png
  artifactKey: Guid(006c5f8a9c14a4deeae282597594213b) Importer(2089858483,0ecaa5967403d082aa24f35e1b516d23)
Start importing Assets/Sunny Land Forest Assets/Artwork/Sprites/player/player-idle/player-idle-3.png using Guid(006c5f8a9c14a4deeae282597594213b) Importer(2089858483,0ecaa5967403d082aa24f35e1b516d23) [PhysX] Initialized MultithreadedTaskDispatcher with 24 workers.
 -> (artifact id: '2fd9c17f509c3f189cb16692420fd0cd') in 0.043952 seconds
Number of updated asset objects reloaded before import = 0
Number of asset objects unloaded after import = 3
========================================================================
Received Import Request.
  Time since last request: 0.000023 seconds.
  path: Assets/Sunny Land Forest Assets/Artwork/Sprites/player/player-fall/player-fall-3.png
  artifactKey: Guid(4720395c0d4b0408c878cddbb4a8de17) Importer(2089858483,0ecaa5967403d082aa24f35e1b516d23)
Start importing Assets/Sunny Land Forest Assets/Artwork/Sprites/player/player-fall/player-fall-3.png using Guid(4720395c0d4b0408c878cddbb4a8de17) Importer(2089858483,0ecaa5967403d082aa24f35e1b516d23) [PhysX] Initialized MultithreadedTaskDispatcher with 24 workers.
 -> (artifact id: '97fcbb02731eb3589275b32abc9b6fb5') in 0.043504 seconds
Number of updated asset objects reloaded before import = 0
Number of asset objects unloaded after import = 3
========================================================================
Received Import Request.
  Time since last request: 0.000025 seconds.
  path: Assets/Sunny Land Forest Assets/Artwork/Sprites/misc/star/star-3.png
  artifactKey: Guid(d1aacfd62b97944e4b44813b746f7f3b) Importer(2089858483,0ecaa5967403d082aa24f35e1b516d23)
Start importing Assets/Sunny Land Forest Assets/Artwork/Sprites/misc/star/star-3.png using Guid(d1aacfd62b97944e4b44813b746f7f3b) Importer(2089858483,0ecaa5967403d082aa24f35e1b516d23) [PhysX] Initialized MultithreadedTaskDispatcher with 24 workers.
 -> (artifact id: '9d16958427e5c7b18d47f64e9960ee03') in 0.045963 seconds
Number of updated asset objects reloaded before import = 0
Number of asset objects unloaded after import = 3
========================================================================
Received Import Request.
  Time since last request: 0.000032 seconds.
  path: Assets/Sunny Land Forest Assets/Artwork/Sprites/misc/carrot/carrot-2.png
  artifactKey: Guid(fff8d782ab2594fddba3dc9bc8c2db01) Importer(2089858483,0ecaa5967403d082aa24f35e1b516d23)
Start importing Assets/Sunny Land Forest Assets/Artwork/Sprites/misc/carrot/carrot-2.png using Guid(fff8d782ab2594fddba3dc9bc8c2db01) Importer(2089858483,0ecaa5967403d082aa24f35e1b516d23) [PhysX] Initialized MultithreadedTaskDispatcher with 24 workers.
 -> (artifact id: 'df1e5d14d2c0022297f50406eb0228d9') in 0.053169 seconds
Number of updated asset objects reloaded before import = 0
Number of asset objects unloaded after import = 3
========================================================================
Received Import Request.
  Time since last request: 0.000067 seconds.
  path: Assets/Sunny Land Forest Assets/Artwork/Sprites/misc/star/star-1.png
  artifactKey: Guid(8873b6448e7094ea9861c4adb3446863) Importer(2089858483,0ecaa5967403d082aa24f35e1b516d23)
Start importing Assets/Sunny Land Forest Assets/Artwork/Sprites/misc/star/star-1.png using Guid(8873b6448e7094ea9861c4adb3446863) Importer(2089858483,0ecaa5967403d082aa24f35e1b516d23) [PhysX] Initialized MultithreadedTaskDispatcher with 24 workers.
 -> (artifact id: '30da3e2b7d31c58eb222d9a65e9b8732') in 0.044143 seconds
Number of updated asset objects reloaded before import = 0
Number of asset objects unloaded after import = 3
========================================================================
Received Import Request.
  Time since last request: 0.000034 seconds.
  path: Assets/Sunny Land Forest Assets/Artwork/Sprites/player/player-idle/player-idle-2.png
  artifactKey: Guid(de32ff31eb54442239c19b4a89962c69) Importer(2089858483,0ecaa5967403d082aa24f35e1b516d23)
Start importing Assets/Sunny Land Forest Assets/Artwork/Sprites/player/player-idle/player-idle-2.png using Guid(de32ff31eb54442239c19b4a89962c69) Importer(2089858483,0ecaa5967403d082aa24f35e1b516d23) [PhysX] Initialized MultithreadedTaskDispatcher with 24 workers.
 -> (artifact id: '23b2696509060ae66ecb2b3e30f15049') in 0.042009 seconds
Number of updated asset objects reloaded before import = 0
Number of asset objects unloaded after import = 3
========================================================================
Received Import Request.
  Time since last request: 0.000030 seconds.
  path: Assets/Sunny Land Forest Assets/Artwork/Sprites/player/player-idle/player-idle-4.png
  artifactKey: Guid(1b1491dd8c2cf4c53865ea93f0b1f176) Importer(2089858483,0ecaa5967403d082aa24f35e1b516d23)
Start importing Assets/Sunny Land Forest Assets/Artwork/Sprites/player/player-idle/player-idle-4.png using Guid(1b1491dd8c2cf4c53865ea93f0b1f176) Importer(2089858483,0ecaa5967403d082aa24f35e1b516d23) [PhysX] Initialized MultithreadedTaskDispatcher with 24 workers.
 -> (artifact id: '36251148fc0355382bf343aaa5b6a67d') in 0.047894 seconds
Number of updated asset objects reloaded before import = 0
Number of asset objects unloaded after import = 3
========================================================================
Received Import Request.
  Time since last request: 0.000031 seconds.
  path: Assets/SimplePixelUI/artwork/halfcustomizible/square/Slider3/filled_vertical.png
  artifactKey: Guid(b8afb8b70f13a3f48806bf2a7550a7f5) Importer(2089858483,0ecaa5967403d082aa24f35e1b516d23)
Start importing Assets/SimplePixelUI/artwork/halfcustomizible/square/Slider3/filled_vertical.png using Guid(b8afb8b70f13a3f48806bf2a7550a7f5) Importer(2089858483,0ecaa5967403d082aa24f35e1b516d23) [PhysX] Initialized MultithreadedTaskDispatcher with 24 workers.
 -> (artifact id: '5c6fd068c9cc3ae19f01e83339a4981c') in 0.045406 seconds
Number of updated asset objects reloaded before import = 0
Number of asset objects unloaded after import = 3
========================================================================
Received Import Request.
  Time since last request: 0.000036 seconds.
  path: Assets/Hero Knight - Pixel Art/Animations/HeroKnight_AnimController.controller
  artifactKey: Guid(3c2a5b7097b0fe44394328c0bdb9252e) Importer(2089858483,0ecaa5967403d082aa24f35e1b516d23)
Start importing Assets/Hero Knight - Pixel Art/Animations/HeroKnight_AnimController.controller using Guid(3c2a5b7097b0fe44394328c0bdb9252e) Importer(2089858483,0ecaa5967403d082aa24f35e1b516d23) [PhysX] Initialized MultithreadedTaskDispatcher with 24 workers.
 -> (artifact id: 'ef93fab1b39b54e68442e1cc261f5c1e') in 0.028241 seconds
Number of updated asset objects reloaded before import = 0
Number of asset objects unloaded after import = 55
========================================================================
Received Import Request.
  Time since last request: 0.000026 seconds.
  path: Assets/TextMesh Pro/Examples & Extras/Scenes/10 - Bullets & Numbered List Example.unity
  artifactKey: Guid(c3f814e1d12c45568daf3dd9a86a0e61) Importer(2089858483,0ecaa5967403d082aa24f35e1b516d23)
Start importing Assets/TextMesh Pro/Examples & Extras/Scenes/10 - Bullets & Numbered List Example.unity using Guid(c3f814e1d12c45568daf3dd9a86a0e61) Importer(2089858483,0ecaa5967403d082aa24f35e1b516d23) [PhysX] Initialized MultithreadedTaskDispatcher with 24 workers.
 -> (artifact id: '0011b7031209ca20860dde40800ae1cd') in 0.017696 seconds
Number of updated asset objects reloaded before import = 0
Number of asset objects unloaded after import = 1
========================================================================
Received Import Request.
  Time since last request: 0.000043 seconds.
  path: Assets/SimplePixelUI/artwork/colorCustomizible/rounded/Slot_rounded_CC.png
  artifactKey: Guid(15a522d0e2dce05478bf9edcacc4297e) Importer(2089858483,0ecaa5967403d082aa24f35e1b516d23)
Start importing Assets/SimplePixelUI/artwork/colorCustomizible/rounded/Slot_rounded_CC.png using Guid(15a522d0e2dce05478bf9edcacc4297e) Importer(2089858483,0ecaa5967403d082aa24f35e1b516d23) [PhysX] Initialized MultithreadedTaskDispatcher with 24 workers.
 -> (artifact id: '3fa4dd06b40c4702160fd7baf82b46f5') in 0.047611 seconds
Number of updated asset objects reloaded before import = 0
Number of asset objects unloaded after import = 3
========================================================================
Received Import Request.
  Time since last request: 0.000043 seconds.
  path: Assets/TextMesh Pro/Examples & Extras/Scripts/VertexShakeA.cs
  artifactKey: Guid(f7cfa58e417a46ea8889989684c2522e) Importer(2089858483,0ecaa5967403d082aa24f35e1b516d23)
Start importing Assets/TextMesh Pro/Examples & Extras/Scripts/VertexShakeA.cs using Guid(f7cfa58e417a46ea8889989684c2522e) Importer(2089858483,0ecaa5967403d082aa24f35e1b516d23) [PhysX] Initialized MultithreadedTaskDispatcher with 24 workers.
 -> (artifact id: '705ee5ef06dbeb06046b0936313cfc7a') in 0.019513 seconds
Number of updated asset objects reloaded before import = 0
Number of asset objects unloaded after import = 1
========================================================================
Received Import Request.
  Time since last request: 0.000028 seconds.
  path: Assets/Sunny Land Forest Assets/Artwork/Environment/tileset_69.asset
  artifactKey: Guid(f885e7a574ee72e49aeee824e5b1957e) Importer(2089858483,0ecaa5967403d082aa24f35e1b516d23)
Start importing Assets/Sunny Land Forest Assets/Artwork/Environment/tileset_69.asset using Guid(f885e7a574ee72e49aeee824e5b1957e) Importer(2089858483,0ecaa5967403d082aa24f35e1b516d23) [PhysX] Initialized MultithreadedTaskDispatcher with 24 workers.
 -> (artifact id: '65d93c7d88065de175475b495b2d6e3c') in 0.021746 seconds
Number of updated asset objects reloaded before import = 0
Number of asset objects unloaded after import = 3
========================================================================
Received Import Request.
  Time since last request: 0.000028 seconds.
  path: Assets/SimplePixelUI/prefabs/Gray_black/rounded/background.prefab
  artifactKey: Guid(58c66169087b95140a6cc11e38fe212f) Importer(2089858483,0ecaa5967403d082aa24f35e1b516d23)
Start importing Assets/SimplePixelUI/prefabs/Gray_black/rounded/background.prefab using Guid(58c66169087b95140a6cc11e38fe212f) Importer(2089858483,0ecaa5967403d082aa24f35e1b516d23) [PhysX] Initialized MultithreadedTaskDispatcher with 24 workers.
 -> (artifact id: 'e0fd112b9e5a23adddb44284be9c2c34') in 0.039031 seconds
Number of updated asset objects reloaded before import = 0
Number of asset objects unloaded after import = 7
Editor requested this worker to shutdown with reason: Scaling down because of idle timeout
TcpMessagingSession - receive error: operation aborted. errorcode: 995, details: ќпераци€ ввода/вывода была прервана из-за завершени€ потока команд или по запросу приложени€.
AssetImportWorker is now disconnected from the server
Process exiting
Exiting without the bug reporter. Application will terminate with return code 0