Using pre-set license
Built from '2022.3/staging' branch; Version is '2022.3.55f1 (9f374180d209) revision 10434369'; Using compiler version '192829333'; Build Type 'Release'
OS: 'Windows 10  (10.0.19045) 64bit Professional' Language: 'ru' Physical Memory: 16236 MB
BatchMode: 1, IsHumanControllingUs: 0, StartBugReporterOnCrash: 0, Is64bit: 1, IsPro: 1

COMMAND LINE ARGUMENTS:
C:\Program Files\Unity\Hub\Editor\2022.3.55f1\Editor\Unity.exe
-adb2
-batchMode
-noUpm
-name
AssetImportWorker3
-projectPath
F:/GitHub/slasherB4211/SlasherB4211
-logFile
Logs/AssetImportWorker3.log
-srvPort
63836
Successfully changed project path to: F:/GitHub/slasherB4211/SlasherB4211
F:/GitHub/slasherB4211/SlasherB4211
[UnityMemory] Configuration Parameters - Can be set up in boot.config
    "memorysetup-bucket-allocator-granularity=16"
    "memorysetup-bucket-allocator-bucket-count=8"
    "memorysetup-bucket-allocator-block-size=33554432"
    "memorysetup-bucket-allocator-block-count=8"
    "memorysetup-main-allocator-block-size=16777216"
    "memorysetup-thread-allocator-block-size=16777216"
    "memorysetup-gfx-main-allocator-block-size=16777216"
    "memorysetup-gfx-thread-allocator-block-size=16777216"
    "memorysetup-cache-allocator-block-size=4194304"
    "memorysetup-typetree-allocator-block-size=2097152"
    "memorysetup-profiler-bucket-allocator-granularity=16"
    "memorysetup-profiler-bucket-allocator-bucket-count=8"
    "memorysetup-profiler-bucket-allocator-block-size=33554432"
    "memorysetup-profiler-bucket-allocator-block-count=8"
    "memorysetup-profiler-allocator-block-size=16777216"
    "memorysetup-profiler-editor-allocator-block-size=1048576"
    "memorysetup-temp-allocator-size-main=16777216"
    "memorysetup-job-temp-allocator-block-size=2097152"
    "memorysetup-job-temp-allocator-block-size-background=1048576"
    "memorysetup-job-temp-allocator-reduction-small-platforms=262144"
    "memorysetup-allocator-temp-initial-block-size-main=262144"
    "memorysetup-allocator-temp-initial-block-size-worker=262144"
    "memorysetup-temp-allocator-size-background-worker=32768"
    "memorysetup-temp-allocator-size-job-worker=262144"
    "memorysetup-temp-allocator-size-preload-manager=33554432"
    "memorysetup-temp-allocator-size-nav-mesh-worker=65536"
    "memorysetup-temp-allocator-size-audio-worker=65536"
    "memorysetup-temp-allocator-size-cloud-worker=32768"
    "memorysetup-temp-allocator-size-gi-baking-worker=262144"
    "memorysetup-temp-allocator-size-gfx=262144"
Player connection [8980]  Target information:

Player connection [8980]  * "[IP] 192.168.1.6 [Port] 0 [Flags] 2 [Guid] 15418139 [EditorId] 15418139 [Version] 1048832 [Id] WindowsEditor(7,DESKTOP-OI8D4GV) [Debug] 1 [PackageName] WindowsEditor [ProjectName] Editor" 

Player connection [8980]  * "[IP] 192.168.56.1 [Port] 0 [Flags] 2 [Guid] 15418139 [EditorId] 15418139 [Version] 1048832 [Id] WindowsEditor(7,DESKTOP-OI8D4GV) [Debug] 1 [PackageName] WindowsEditor [ProjectName] Editor" 

Player connection [8980] Host joined multi-casting on [225.0.0.222:54997]...
Player connection [8980] Host joined alternative multi-casting on [225.0.0.222:34997]...
[PhysX] Initialized MultithreadedTaskDispatcher with 24 workers.
Refreshing native plugins compatible for Editor in 25.58 ms, found 4 plugins.
Preloading 0 native plugins for Editor in 0.00 ms.
Initialize engine version: 2022.3.55f1 (9f374180d209)
[Subsystems] Discovering subsystems at path C:/Program Files/Unity/Hub/Editor/2022.3.55f1/Editor/Data/Resources/UnitySubsystems
[Subsystems] Discovering subsystems at path F:/GitHub/slasherB4211/SlasherB4211/Assets
GfxDevice: creating device client; threaded=0; jobified=0
Direct3D:
    Version:  Direct3D 11.0 [level 11.1]
    Renderer: AMD Radeon RX 580 2048SP (ID=0x6fdf)
    Vendor:   ATI
    VRAM:     8135 MB
    Driver:   31.0.21921.1000
Initialize mono
Mono path[0] = 'C:/Program Files/Unity/Hub/Editor/2022.3.55f1/Editor/Data/Managed'
Mono path[1] = 'C:/Program Files/Unity/Hub/Editor/2022.3.55f1/Editor/Data/MonoBleedingEdge/lib/mono/unityjit-win32'
Mono config path = 'C:/Program Files/Unity/Hub/Editor/2022.3.55f1/Editor/Data/MonoBleedingEdge/etc'
Using monoOptions --debugger-agent=transport=dt_socket,embedding=1,server=y,suspend=n,address=127.0.0.1:56860
Begin MonoManager ReloadAssembly
Registering precompiled unity dll's ...
Register platform support module: C:/Program Files/Unity/Hub/Editor/2022.3.55f1/Editor/Data/PlaybackEngines/WindowsStandaloneSupport/UnityEditor.WindowsStandalone.Extensions.dll
Registered in 0.037020 seconds.
- Loaded All Assemblies, in  0.915 seconds
Native extension for WindowsStandalone target not found
Mono: successfully reloaded assembly
- Finished resetting the current domain, in  0.495 seconds
Domain Reload Profiling: 1400ms
	BeginReloadAssembly (360ms)
		ExecutionOrderSort (0ms)
		DisableScriptedObjects (0ms)
		BackupInstance (0ms)
		ReleaseScriptingObjects (0ms)
		CreateAndSetChildDomain (1ms)
	RebuildCommonClasses (88ms)
	RebuildNativeTypeToScriptingClass (24ms)
	initialDomainReloadingComplete (160ms)
	LoadAllAssembliesAndSetupDomain (272ms)
		LoadAssemblies (351ms)
		RebuildTransferFunctionScriptingTraits (0ms)
		AnalyzeDomain (269ms)
			TypeCache.Refresh (265ms)
				TypeCache.ScanAssembly (237ms)
			ScanForSourceGeneratedMonoScriptInfo (1ms)
			ResolveRequiredComponents (1ms)
	FinalizeReload (495ms)
		ReleaseScriptCaches (0ms)
		RebuildScriptCaches (0ms)
		SetupLoadedEditorAssemblies (413ms)
			LogAssemblyErrors (0ms)
			InitializePlatformSupportModulesInManaged (27ms)
			SetLoadedEditorAssemblies (14ms)
			RefreshPlugins (0ms)
			BeforeProcessingInitializeOnLoad (4ms)
			ProcessInitializeOnLoadAttributes (283ms)
			ProcessInitializeOnLoadMethodAttributes (84ms)
			AfterProcessingInitializeOnLoad (0ms)
			EditorAssembliesLoaded (0ms)
		ExecutionOrderSort2 (0ms)
		AwakeInstancesAfterBackupRestoration (0ms)
========================================================================
Worker process is ready to serve import requests
Caller must complete domain reload
Begin MonoManager ReloadAssembly
- Loaded All Assemblies, in  1.398 seconds
Native extension for WindowsStandalone target not found
Mono: successfully reloaded assembly
- Finished resetting the current domain, in  1.159 seconds
Domain Reload Profiling: 2549ms
	BeginReloadAssembly (327ms)
		ExecutionOrderSort (0ms)
		DisableScriptedObjects (9ms)
		BackupInstance (0ms)
		ReleaseScriptingObjects (0ms)
		CreateAndSetChildDomain (45ms)
	RebuildCommonClasses (82ms)
	RebuildNativeTypeToScriptingClass (20ms)
	initialDomainReloadingComplete (92ms)
	LoadAllAssembliesAndSetupDomain (868ms)
		LoadAssemblies (711ms)
		RebuildTransferFunctionScriptingTraits (0ms)
		AnalyzeDomain (363ms)
			TypeCache.Refresh (294ms)
				TypeCache.ScanAssembly (257ms)
			ScanForSourceGeneratedMonoScriptInfo (49ms)
			ResolveRequiredComponents (17ms)
	FinalizeReload (1160ms)
		ReleaseScriptCaches (0ms)
		RebuildScriptCaches (0ms)
		SetupLoadedEditorAssemblies (873ms)
			LogAssemblyErrors (0ms)
			InitializePlatformSupportModulesInManaged (19ms)
			SetLoadedEditorAssemblies (6ms)
			RefreshPlugins (0ms)
			BeforeProcessingInitializeOnLoad (153ms)
			ProcessInitializeOnLoadAttributes (597ms)
			ProcessInitializeOnLoadMethodAttributes (60ms)
			AfterProcessingInitializeOnLoad (37ms)
			EditorAssembliesLoaded (0ms)
		ExecutionOrderSort2 (0ms)
		AwakeInstancesAfterBackupRestoration (13ms)
Launched and connected shader compiler UnityShaderCompiler.exe after 0.10 seconds
Refreshing native plugins compatible for Editor in 6.67 ms, found 4 plugins.
Preloading 0 native plugins for Editor in 0.00 ms.
Unloading 4035 Unused Serialized files (Serialized files now loaded: 0)
Unloading 38 unused Assets / (241.6 KB). Loaded Objects now: 4500.
Memory consumption went from 144.7 MB to 144.4 MB.
Total: 6.570000 ms (FindLiveObjects: 0.651600 ms CreateObjectMapping: 0.263000 ms MarkObjects: 5.342900 ms  DeleteObjects: 0.310600 ms)

AssetImportParameters requested are different than current active one (requested -> active):
  custom:container-demuxer-ogg: 62fdf1f143b41e24485cea50d1cbac27 -> 
  custom:video-decoder-ogg-theora: a1e56fd34408186e4bbccfd4996cb3dc -> 
  custom:framework-win-MediaFoundation: 216162199b28c13a410421893ffa2e32 -> 
  custom:CustomObjectIndexerAttribute: 9a22284fe3817be447336de3de66b15e -> 
  custom:container-demuxer-webm: 4f35f7cbe854078d1ac9338744f61a02 -> 
  custom:container-muxer-webm: aa71ff27fc2769a1b78a27578f13a17b -> 
  custom:video-decoder-webm-vp8: 9c59270c3fd7afecdb556c50c9e8de78 -> 
  custom:SearchIndexIgnoredProperties: e643bd26f0fe6173181afceb89e7c659 -> 
  custom:AudioImporter_EditorPlatform: d09bf68614088b80899f8185d706f6e7 -> 
  custom:video-encoder-webm-vp8: eb34c28f22e8b96e1ab97ce403110664 -> 
  custom:audio-decoder-ogg-vorbis: bf7c407c2cedff20999df2af8eb42d56 -> 
  custom:audio-encoder-webm-vorbis: bf7c407c2cedff20999df2af8eb42d56 -> 
========================================================================
Received Import Request.
  Time since last request: 1026831.955965 seconds.
  path: Assets/Sunny Land Forest Assets/Artwork/Environment/tileset_9.asset
  artifactKey: Guid(5db5d9ab939b8814e8e61f3c1b4ee0e3) Importer(815301076,1909f56bfc062723c751e8b465ee728b)
Start importing Assets/Sunny Land Forest Assets/Artwork/Environment/tileset_9.asset using Guid(5db5d9ab939b8814e8e61f3c1b4ee0e3) Importer(815301076,1909f56bfc062723c751e8b465ee728b) [PhysX] Initialized MultithreadedTaskDispatcher with 24 workers.
 -> (artifact id: '523e67d0c52ebbb9dbbdcf584b6bbeb8') in 0.157385 seconds
Number of updated asset objects reloaded before import = 0
Number of asset objects unloaded after import = 3
========================================================================
Received Import Request.
  Time since last request: 0.000064 seconds.
  path: Assets/Sunny Land Forest Assets/Artwork/Environment/tileset_29.asset
  artifactKey: Guid(7298dbf11e49fd247a084983337f1a0c) Importer(815301076,1909f56bfc062723c751e8b465ee728b)
Start importing Assets/Sunny Land Forest Assets/Artwork/Environment/tileset_29.asset using Guid(7298dbf11e49fd247a084983337f1a0c) Importer(815301076,1909f56bfc062723c751e8b465ee728b) [PhysX] Initialized MultithreadedTaskDispatcher with 24 workers.
 -> (artifact id: '020bce1cefeb52e7a69a9d4afd262960') in 0.023676 seconds
Number of updated asset objects reloaded before import = 0
Number of asset objects unloaded after import = 3
========================================================================
Received Import Request.
  Time since last request: 0.000037 seconds.
  path: Assets/Sunny Land Forest Assets/Artwork/Environment/tileset_12.asset
  artifactKey: Guid(dec9e6ea3d211ca4c955c1e64afe7ef7) Importer(815301076,1909f56bfc062723c751e8b465ee728b)
Start importing Assets/Sunny Land Forest Assets/Artwork/Environment/tileset_12.asset using Guid(dec9e6ea3d211ca4c955c1e64afe7ef7) Importer(815301076,1909f56bfc062723c751e8b465ee728b) [PhysX] Initialized MultithreadedTaskDispatcher with 24 workers.
 -> (artifact id: 'f7212789efc281edbc34fc002490a0a9') in 0.020198 seconds
Number of updated asset objects reloaded before import = 0
Number of asset objects unloaded after import = 3
========================================================================
Received Import Request.
  Time since last request: 0.000029 seconds.
  path: Assets/Sunny Land Forest Assets/Artwork/Environment/tileset_6.asset
  artifactKey: Guid(7d9e051149700a840919b493ce1390ae) Importer(815301076,1909f56bfc062723c751e8b465ee728b)
Start importing Assets/Sunny Land Forest Assets/Artwork/Environment/tileset_6.asset using Guid(7d9e051149700a840919b493ce1390ae) Importer(815301076,1909f56bfc062723c751e8b465ee728b) [PhysX] Initialized MultithreadedTaskDispatcher with 24 workers.
 -> (artifact id: '3d80059635a6993726485371c9216456') in 0.025664 seconds
Number of updated asset objects reloaded before import = 0
Number of asset objects unloaded after import = 3
========================================================================
Received Import Request.
  Time since last request: 0.000024 seconds.
  path: Assets/Sunny Land Forest Assets/Artwork/Environment/tileset_19.asset
  artifactKey: Guid(5f10e88f0a0a06b49a427a8e44bd9e9f) Importer(815301076,1909f56bfc062723c751e8b465ee728b)
Start importing Assets/Sunny Land Forest Assets/Artwork/Environment/tileset_19.asset using Guid(5f10e88f0a0a06b49a427a8e44bd9e9f) Importer(815301076,1909f56bfc062723c751e8b465ee728b) [PhysX] Initialized MultithreadedTaskDispatcher with 24 workers.
 -> (artifact id: '3ab94c43f0560d50b38e1322d2e7a6f4') in 0.020989 seconds
Number of updated asset objects reloaded before import = 0
Number of asset objects unloaded after import = 3
========================================================================
Received Import Request.
  Time since last request: 0.000031 seconds.
  path: Assets/Sunny Land Forest Assets/Artwork/Environment/tileset_17.asset
  artifactKey: Guid(98e2162c45433ef499f78404de18dcb3) Importer(815301076,1909f56bfc062723c751e8b465ee728b)
Start importing Assets/Sunny Land Forest Assets/Artwork/Environment/tileset_17.asset using Guid(98e2162c45433ef499f78404de18dcb3) Importer(815301076,1909f56bfc062723c751e8b465ee728b) [PhysX] Initialized MultithreadedTaskDispatcher with 24 workers.
 -> (artifact id: 'a6f47a1405c6cc085b6e97286d100b76') in 0.021070 seconds
Number of updated asset objects reloaded before import = 0
Number of asset objects unloaded after import = 3
========================================================================
Received Import Request.
  Time since last request: 0.000023 seconds.
  path: Assets/Sunny Land Forest Assets/Artwork/Environment/tileset_23.asset
  artifactKey: Guid(5aca0848bf6957a4a8cf24d488c16498) Importer(815301076,1909f56bfc062723c751e8b465ee728b)
Start importing Assets/Sunny Land Forest Assets/Artwork/Environment/tileset_23.asset using Guid(5aca0848bf6957a4a8cf24d488c16498) Importer(815301076,1909f56bfc062723c751e8b465ee728b) [PhysX] Initialized MultithreadedTaskDispatcher with 24 workers.
 -> (artifact id: 'bcdb3c6fe7a6775d5c266c516f5fb3ea') in 0.019387 seconds
Number of updated asset objects reloaded before import = 0
Number of asset objects unloaded after import = 3
========================================================================
Received Import Request.
  Time since last request: 0.000035 seconds.
  path: Assets/Sunny Land Forest Assets/Artwork/Environment/tileset.png
  artifactKey: Guid(2eeb0d4e8888f48459040781a511455e) Importer(815301076,1909f56bfc062723c751e8b465ee728b)
Start importing Assets/Sunny Land Forest Assets/Artwork/Environment/tileset.png using Guid(2eeb0d4e8888f48459040781a511455e) Importer(815301076,1909f56bfc062723c751e8b465ee728b) [PhysX] Initialized MultithreadedTaskDispatcher with 24 workers.
[PhysX] Initialized MultithreadedTaskDispatcher with 24 workers.
 -> (artifact id: '5feb22f535c80fcf4470f7dfc250ced8') in 0.346911 seconds
Number of updated asset objects reloaded before import = 0
Number of asset objects unloaded after import = 111
========================================================================
Received Import Request.
  Time since last request: 35.660451 seconds.
  path: Assets/Sunny Land Forest Assets/Artwork/Environment/tileset_3.asset
  artifactKey: Guid(a6a3d44d6e4718e4ba6ce0e5a5f9d5b7) Importer(815301076,1909f56bfc062723c751e8b465ee728b)
Start importing Assets/Sunny Land Forest Assets/Artwork/Environment/tileset_3.asset using Guid(a6a3d44d6e4718e4ba6ce0e5a5f9d5b7) Importer(815301076,1909f56bfc062723c751e8b465ee728b) [PhysX] Initialized MultithreadedTaskDispatcher with 24 workers.
 -> (artifact id: 'fa7557446f4d3efffafee68848359e34') in 0.010874 seconds
Number of updated asset objects reloaded before import = 0
Number of asset objects unloaded after import = 3
========================================================================
Received Import Request.
  Time since last request: 0.000029 seconds.
  path: Assets/Sunny Land Forest Assets/Artwork/Environment/tileset_29.asset
  artifactKey: Guid(7298dbf11e49fd247a084983337f1a0c) Importer(815301076,1909f56bfc062723c751e8b465ee728b)
Start importing Assets/Sunny Land Forest Assets/Artwork/Environment/tileset_29.asset using Guid(7298dbf11e49fd247a084983337f1a0c) Importer(815301076,1909f56bfc062723c751e8b465ee728b) [PhysX] Initialized MultithreadedTaskDispatcher with 24 workers.
 -> (artifact id: '9629c9f9cb30346f4cde74e769eb878f') in 0.007724 seconds
Number of updated asset objects reloaded before import = 0
Number of asset objects unloaded after import = 3
========================================================================
Received Import Request.
  Time since last request: 0.000023 seconds.
  path: Assets/Sunny Land Forest Assets/Artwork/Environment/tileset_38.asset
  artifactKey: Guid(5619350695d14b743abbd8ae143e7666) Importer(815301076,1909f56bfc062723c751e8b465ee728b)
Start importing Assets/Sunny Land Forest Assets/Artwork/Environment/tileset_38.asset using Guid(5619350695d14b743abbd8ae143e7666) Importer(815301076,1909f56bfc062723c751e8b465ee728b) [PhysX] Initialized MultithreadedTaskDispatcher with 24 workers.
 -> (artifact id: '6e37935870727e763183f18615702da5') in 0.007217 seconds
Number of updated asset objects reloaded before import = 0
Number of asset objects unloaded after import = 3
========================================================================
Received Import Request.
  Time since last request: 0.000031 seconds.
  path: Assets/Sunny Land Forest Assets/Artwork/Environment/tileset_24.asset
  artifactKey: Guid(d6589810030816c4f957e9d4438f6054) Importer(815301076,1909f56bfc062723c751e8b465ee728b)
Start importing Assets/Sunny Land Forest Assets/Artwork/Environment/tileset_24.asset using Guid(d6589810030816c4f957e9d4438f6054) Importer(815301076,1909f56bfc062723c751e8b465ee728b) [PhysX] Initialized MultithreadedTaskDispatcher with 24 workers.
 -> (artifact id: 'f8022dfaeb0e4079f67bd528d9176feb') in 0.009575 seconds
Number of updated asset objects reloaded before import = 0
Number of asset objects unloaded after import = 3
========================================================================
Received Import Request.
  Time since last request: 0.000023 seconds.
  path: Assets/Sunny Land Forest Assets/Artwork/Environment/tileset_26.asset
  artifactKey: Guid(47e9fd5c397a6c7439cf64617c6a222a) Importer(815301076,1909f56bfc062723c751e8b465ee728b)
Start importing Assets/Sunny Land Forest Assets/Artwork/Environment/tileset_26.asset using Guid(47e9fd5c397a6c7439cf64617c6a222a) Importer(815301076,1909f56bfc062723c751e8b465ee728b) [PhysX] Initialized MultithreadedTaskDispatcher with 24 workers.
 -> (artifact id: 'e722c17fe01328f107db9ac7bb9772b0') in 0.007690 seconds
Number of updated asset objects reloaded before import = 0
Number of asset objects unloaded after import = 3
========================================================================
Received Import Request.
  Time since last request: 0.000028 seconds.
  path: Assets/Sunny Land Forest Assets/Artwork/Environment/tileset_50.asset
  artifactKey: Guid(7cc213f2abd7f7146a8378db3da4d675) Importer(815301076,1909f56bfc062723c751e8b465ee728b)
Start importing Assets/Sunny Land Forest Assets/Artwork/Environment/tileset_50.asset using Guid(7cc213f2abd7f7146a8378db3da4d675) Importer(815301076,1909f56bfc062723c751e8b465ee728b) [PhysX] Initialized MultithreadedTaskDispatcher with 24 workers.
 -> (artifact id: '6f6b4bc33ca7f2aa4e1ae043259a869e') in 0.007863 seconds
Number of updated asset objects reloaded before import = 0
Number of asset objects unloaded after import = 3
========================================================================
Received Import Request.
  Time since last request: 0.000035 seconds.
  path: Assets/Sunny Land Forest Assets/Artwork/Environment/tileset_36.asset
  artifactKey: Guid(be16234281654af4c8b7e25fc82ecd53) Importer(815301076,1909f56bfc062723c751e8b465ee728b)
Start importing Assets/Sunny Land Forest Assets/Artwork/Environment/tileset_36.asset using Guid(be16234281654af4c8b7e25fc82ecd53) Importer(815301076,1909f56bfc062723c751e8b465ee728b) [PhysX] Initialized MultithreadedTaskDispatcher with 24 workers.
 -> (artifact id: '483784986db19232b983304798d92464') in 0.012333 seconds
Number of updated asset objects reloaded before import = 0
Number of asset objects unloaded after import = 3
========================================================================
Received Import Request.
  Time since last request: 0.000026 seconds.
  path: Assets/Sunny Land Forest Assets/Artwork/Environment/tileset_30.asset
  artifactKey: Guid(0207d233ca128cc45bcb50188db9af9a) Importer(815301076,1909f56bfc062723c751e8b465ee728b)
Start importing Assets/Sunny Land Forest Assets/Artwork/Environment/tileset_30.asset using Guid(0207d233ca128cc45bcb50188db9af9a) Importer(815301076,1909f56bfc062723c751e8b465ee728b) [PhysX] Initialized MultithreadedTaskDispatcher with 24 workers.
 -> (artifact id: 'be4e007d09f2921da618d73f1701726a') in 0.007486 seconds
Number of updated asset objects reloaded before import = 0
Number of asset objects unloaded after import = 3
========================================================================
Received Import Request.
  Time since last request: 0.000024 seconds.
  path: Assets/Sunny Land Forest Assets/Artwork/Environment/tileset_18.asset
  artifactKey: Guid(69710887f19a659479f439f6e6103806) Importer(815301076,1909f56bfc062723c751e8b465ee728b)
Start importing Assets/Sunny Land Forest Assets/Artwork/Environment/tileset_18.asset using Guid(69710887f19a659479f439f6e6103806) Importer(815301076,1909f56bfc062723c751e8b465ee728b) [PhysX] Initialized MultithreadedTaskDispatcher with 24 workers.
 -> (artifact id: 'ed708506534adc2f53c29e26649357c9') in 0.007400 seconds
Number of updated asset objects reloaded before import = 0
Number of asset objects unloaded after import = 3
========================================================================
Received Import Request.
  Time since last request: 0.000028 seconds.
  path: Assets/Sunny Land Forest Assets/Artwork/Environment/tileset_48.asset
  artifactKey: Guid(0239fd90a5128d740a6863c4d2d75f7d) Importer(815301076,1909f56bfc062723c751e8b465ee728b)
Start importing Assets/Sunny Land Forest Assets/Artwork/Environment/tileset_48.asset using Guid(0239fd90a5128d740a6863c4d2d75f7d) Importer(815301076,1909f56bfc062723c751e8b465ee728b) [PhysX] Initialized MultithreadedTaskDispatcher with 24 workers.
 -> (artifact id: '31bafdb0fd98a11676a7a09388637034') in 0.007284 seconds
Number of updated asset objects reloaded before import = 0
Number of asset objects unloaded after import = 3
========================================================================
Received Import Request.
  Time since last request: 0.000073 seconds.
  path: Assets/Sunny Land Forest Assets/Artwork/Environment/tileset_7.asset
  artifactKey: Guid(80ebed568d0966848afaed27f1b57b23) Importer(815301076,1909f56bfc062723c751e8b465ee728b)
Start importing Assets/Sunny Land Forest Assets/Artwork/Environment/tileset_7.asset using Guid(80ebed568d0966848afaed27f1b57b23) Importer(815301076,1909f56bfc062723c751e8b465ee728b) [PhysX] Initialized MultithreadedTaskDispatcher with 24 workers.
 -> (artifact id: 'ca3e345e891c55f6e359bba32fa53524') in 0.011012 seconds
Number of updated asset objects reloaded before import = 0
Number of asset objects unloaded after import = 3
========================================================================
Received Import Request.
  Time since last request: 179.461766 seconds.
  path: Assets/Sunny Land Forest Assets/Artwork/Environment/tileset_53.asset
  artifactKey: Guid(5423a9655f36ce5438201cbb7d4e60f5) Importer(815301076,1909f56bfc062723c751e8b465ee728b)
Start importing Assets/Sunny Land Forest Assets/Artwork/Environment/tileset_53.asset using Guid(5423a9655f36ce5438201cbb7d4e60f5) Importer(815301076,1909f56bfc062723c751e8b465ee728b) [PhysX] Initialized MultithreadedTaskDispatcher with 24 workers.
 -> (artifact id: 'e8cc0d2762d36819f944a0354fba0cda') in 0.022033 seconds
Number of updated asset objects reloaded before import = 0
Number of asset objects unloaded after import = 3
========================================================================
Received Import Request.
  Time since last request: 0.005285 seconds.
  path: Assets/Sunny Land Forest Assets/Artwork/Environment/tileset_55.asset
  artifactKey: Guid(db8d25a3e3df3a348babbf48a87a89fa) Importer(815301076,1909f56bfc062723c751e8b465ee728b)
Start importing Assets/Sunny Land Forest Assets/Artwork/Environment/tileset_55.asset using Guid(db8d25a3e3df3a348babbf48a87a89fa) Importer(815301076,1909f56bfc062723c751e8b465ee728b) [PhysX] Initialized MultithreadedTaskDispatcher with 24 workers.
 -> (artifact id: '8695acf626e64eeac50bd5d80621b679') in 0.020505 seconds
Number of updated asset objects reloaded before import = 0
Number of asset objects unloaded after import = 3
========================================================================
Received Import Request.
  Time since last request: 0.007893 seconds.
  path: Assets/Sunny Land Forest Assets/Artwork/Environment/tileset_56.asset
  artifactKey: Guid(78f73a0e1995ba54b8e76f9416140bac) Importer(815301076,1909f56bfc062723c751e8b465ee728b)
Start importing Assets/Sunny Land Forest Assets/Artwork/Environment/tileset_56.asset using Guid(78f73a0e1995ba54b8e76f9416140bac) Importer(815301076,1909f56bfc062723c751e8b465ee728b) [PhysX] Initialized MultithreadedTaskDispatcher with 24 workers.
 -> (artifact id: '1821aa89e90d3959d6c522e37dc50898') in 0.024484 seconds
Number of updated asset objects reloaded before import = 0
Number of asset objects unloaded after import = 3
========================================================================
Received Import Request.
  Time since last request: 0.005644 seconds.
  path: Assets/Sunny Land Forest Assets/Artwork/Environment/tileset_59.asset
  artifactKey: Guid(6f5fd382b132c894ebd753e90f906353) Importer(815301076,1909f56bfc062723c751e8b465ee728b)
Start importing Assets/Sunny Land Forest Assets/Artwork/Environment/tileset_59.asset using Guid(6f5fd382b132c894ebd753e90f906353) Importer(815301076,1909f56bfc062723c751e8b465ee728b) [PhysX] Initialized MultithreadedTaskDispatcher with 24 workers.
 -> (artifact id: '9d86cbbf45fb7b219d06f4c8b3a05cbd') in 0.019110 seconds
Number of updated asset objects reloaded before import = 0
Number of asset objects unloaded after import = 3
========================================================================
Received Import Request.
  Time since last request: 0.000038 seconds.
  path: Assets/Sunny Land Forest Assets/Artwork/Environment/tileset_57.asset
  artifactKey: Guid(ca65be2875e4c704087389877fc722d3) Importer(815301076,1909f56bfc062723c751e8b465ee728b)
Start importing Assets/Sunny Land Forest Assets/Artwork/Environment/tileset_57.asset using Guid(ca65be2875e4c704087389877fc722d3) Importer(815301076,1909f56bfc062723c751e8b465ee728b) [PhysX] Initialized MultithreadedTaskDispatcher with 24 workers.
 -> (artifact id: '232ea15d1500671ceea53c8bcaaa3030') in 0.018564 seconds
Number of updated asset objects reloaded before import = 0
Number of asset objects unloaded after import = 3
========================================================================
Received Import Request.
  Time since last request: 0.000024 seconds.
  path: Assets/Sunny Land Forest Assets/Artwork/Environment/tileset_64.asset
  artifactKey: Guid(c0dd2e056ca9f0d449d0328a4454aea8) Importer(815301076,1909f56bfc062723c751e8b465ee728b)
Start importing Assets/Sunny Land Forest Assets/Artwork/Environment/tileset_64.asset using Guid(c0dd2e056ca9f0d449d0328a4454aea8) Importer(815301076,1909f56bfc062723c751e8b465ee728b) [PhysX] Initialized MultithreadedTaskDispatcher with 24 workers.
 -> (artifact id: 'de4e60c43d6c47b3a065bc1898be7f8d') in 0.007967 seconds
Number of updated asset objects reloaded before import = 0
Number of asset objects unloaded after import = 3
========================================================================
Received Import Request.
  Time since last request: 0.000025 seconds.
  path: Assets/Sunny Land Forest Assets/Artwork/Environment/tileset_60.asset
  artifactKey: Guid(3aa40a84c5fc6a341952e8d3b86d38b7) Importer(815301076,1909f56bfc062723c751e8b465ee728b)
Start importing Assets/Sunny Land Forest Assets/Artwork/Environment/tileset_60.asset using Guid(3aa40a84c5fc6a341952e8d3b86d38b7) Importer(815301076,1909f56bfc062723c751e8b465ee728b) [PhysX] Initialized MultithreadedTaskDispatcher with 24 workers.
 -> (artifact id: '3cc27a48d0931b3041688f62596d507c') in 0.017767 seconds
Number of updated asset objects reloaded before import = 0
Number of asset objects unloaded after import = 3
========================================================================
Received Import Request.
  Time since last request: 0.000027 seconds.
  path: Assets/Sunny Land Forest Assets/Artwork/Environment/tileset_66.asset
  artifactKey: Guid(67d10ebafa78de84b8653f5123e634bc) Importer(815301076,1909f56bfc062723c751e8b465ee728b)
Start importing Assets/Sunny Land Forest Assets/Artwork/Environment/tileset_66.asset using Guid(67d10ebafa78de84b8653f5123e634bc) Importer(815301076,1909f56bfc062723c751e8b465ee728b) [PhysX] Initialized MultithreadedTaskDispatcher with 24 workers.
 -> (artifact id: 'fefa4be80c60b74444ae47678c7ff8fe') in 0.018167 seconds
Number of updated asset objects reloaded before import = 0
Number of asset objects unloaded after import = 3
========================================================================
Received Import Request.
  Time since last request: 0.000025 seconds.
  path: Assets/Sunny Land Forest Assets/Artwork/Environment/tileset_71.asset
  artifactKey: Guid(e20e2ae8466b8cd45880476bc14e7504) Importer(815301076,1909f56bfc062723c751e8b465ee728b)
Start importing Assets/Sunny Land Forest Assets/Artwork/Environment/tileset_71.asset using Guid(e20e2ae8466b8cd45880476bc14e7504) Importer(815301076,1909f56bfc062723c751e8b465ee728b) [PhysX] Initialized MultithreadedTaskDispatcher with 24 workers.
 -> (artifact id: '1f61c1226a4c5b7c9880a7ac331872ea') in 0.013067 seconds
Number of updated asset objects reloaded before import = 0
Number of asset objects unloaded after import = 3
========================================================================
Received Import Request.
  Time since last request: 0.000452 seconds.
  path: Assets/Sunny Land Forest Assets/Artwork/Environment/tileset_75.asset
  artifactKey: Guid(3b30e30d7b062b8408bd254faa52129d) Importer(815301076,1909f56bfc062723c751e8b465ee728b)
Start importing Assets/Sunny Land Forest Assets/Artwork/Environment/tileset_75.asset using Guid(3b30e30d7b062b8408bd254faa52129d) Importer(815301076,1909f56bfc062723c751e8b465ee728b) [PhysX] Initialized MultithreadedTaskDispatcher with 24 workers.
 -> (artifact id: 'e73433a04327ec525651215a5a14d0a4') in 0.020540 seconds
Number of updated asset objects reloaded before import = 0
Number of asset objects unloaded after import = 3
========================================================================
Received Import Request.
  Time since last request: 0.000025 seconds.
  path: Assets/Sunny Land Forest Assets/Artwork/Environment/tileset_69.asset
  artifactKey: Guid(f885e7a574ee72e49aeee824e5b1957e) Importer(815301076,1909f56bfc062723c751e8b465ee728b)
Start importing Assets/Sunny Land Forest Assets/Artwork/Environment/tileset_69.asset using Guid(f885e7a574ee72e49aeee824e5b1957e) Importer(815301076,1909f56bfc062723c751e8b465ee728b) [PhysX] Initialized MultithreadedTaskDispatcher with 24 workers.
 -> (artifact id: 'd88afcd6815eb51ff0871c77ca83a097') in 0.016552 seconds
Number of updated asset objects reloaded before import = 0
Number of asset objects unloaded after import = 3
========================================================================
Received Import Request.
  Time since last request: 0.000028 seconds.
  path: Assets/Sunny Land Forest Assets/Artwork/Environment/tileset_78.asset
  artifactKey: Guid(2973c5ccb098e0447a1f519452bab17f) Importer(815301076,1909f56bfc062723c751e8b465ee728b)
Start importing Assets/Sunny Land Forest Assets/Artwork/Environment/tileset_78.asset using Guid(2973c5ccb098e0447a1f519452bab17f) Importer(815301076,1909f56bfc062723c751e8b465ee728b) [PhysX] Initialized MultithreadedTaskDispatcher with 24 workers.
 -> (artifact id: 'e2bb9b9402a4fb2729d0bded1ba995ff') in 0.018034 seconds
Number of updated asset objects reloaded before import = 0
Number of asset objects unloaded after import = 3
========================================================================
Received Import Request.
  Time since last request: 0.000028 seconds.
  path: Assets/Sunny Land Forest Assets/Artwork/Environment/tileset_77.asset
  artifactKey: Guid(8779fdbeb7c6f3e4fa2733151600305b) Importer(815301076,1909f56bfc062723c751e8b465ee728b)
Start importing Assets/Sunny Land Forest Assets/Artwork/Environment/tileset_77.asset using Guid(8779fdbeb7c6f3e4fa2733151600305b) Importer(815301076,1909f56bfc062723c751e8b465ee728b) [PhysX] Initialized MultithreadedTaskDispatcher with 24 workers.
 -> (artifact id: 'a57aa459ca25b26a0e140e42f6c71e5c') in 0.018546 seconds
Number of updated asset objects reloaded before import = 0
Number of asset objects unloaded after import = 3
========================================================================
Received Import Request.
  Time since last request: 0.000049 seconds.
  path: Assets/Sunny Land Forest Assets/Artwork/Environment/tileset_62.asset
  artifactKey: Guid(4e9f93d04119f4648b68344788541617) Importer(815301076,1909f56bfc062723c751e8b465ee728b)
Start importing Assets/Sunny Land Forest Assets/Artwork/Environment/tileset_62.asset using Guid(4e9f93d04119f4648b68344788541617) Importer(815301076,1909f56bfc062723c751e8b465ee728b) [PhysX] Initialized MultithreadedTaskDispatcher with 24 workers.
 -> (artifact id: '4c58bc376c7ad78528ae6995d9bc8f8c') in 0.023886 seconds
Number of updated asset objects reloaded before import = 0
Number of asset objects unloaded after import = 3
Editor requested this worker to shutdown with reason: Scaling down because of idle timeout
TcpMessagingSession - receive error: operation aborted. errorcode: 995, details: ќпераци€ ввода/вывода была прервана из-за завершени€ потока команд или по запросу приложени€.
AssetImportWorker is now disconnected from the server
Process exiting
Exiting without the bug reporter. Application will terminate with return code 0